
> stock-management-backend@1.0.0 dev
> tsx watch src/server.ts

node:events:492
      throw er; // Unhandled 'error' event
      ^

Error: listen EADDRINUSE: address already in use :::5000
    at __node_internal_captureLargerStackTrace (node:internal/errors:496:5)
    at __node_internal_uvExceptionWithHostPort (node:internal/errors:593:12)
    at Server.setupListenHandle [as _listen2] (node:net:1751:16)
    at listenInCluster (node:net:1799:12)
    at Server.listen (node:net:1887:7)
    at Function.listen (/Users/sabriallegui/Desktop/current work/stock-management/backend/node_modules/express/lib/application.js:635:24)
    at requestRoutes (/Users/sabriallegui/Desktop/current work/stock-management/backend/src/server.ts:41:5)
    at Object.<anonymous> (/Users/sabriallegui/Desktop/current work/stock-management/backend/src/server.ts:44:2)
    at Module._compile (node:internal/modules/cjs/loader:1256:14)
    at Object.transformer (/Users/sabriallegui/Desktop/current work/stock-management/backend/node_modules/tsx/dist/register-D46fvsV_.cjs:3:1104)
    at Module.load (node:internal/modules/cjs/loader:1119:32)
    at Module._load (node:internal/modules/cjs/loader:960:12)
    at ModuleWrap.<anonymous> (node:internal/modules/esm/translators:169:29)
    at ModuleJob.run (node:internal/modules/esm/module_job:194:25)
Emitted 'error' event on Server instance at:
    at emitErrorNT (node:net:1778:8)
    at process.processTicksAndRejections (node:internal/process/task_queues:82:21) {
  code: 'EADDRINUSE',
  errno: -48,
  syscall: 'listen',
  address: '::',
  port: 5000
}

Node.js v18.17.1
